<?xml version="1.0" encoding="UTF-8"?>
<!-- Generated by org.testng.reporters.JUnitXMLReporter -->
<testsuite ignored="4" hostname="IN-706M2J3" failures="0" tests="1" name="Default test" time="10.279" errors="0" timestamp="2022-07-14T20:38:51 IST">
  <testcase classname="Test.Login_Test" name="InValidLoginTest" time="0.36"/>
  <testcase classname="Test.Login_Test" name="BlankCredentials" time="0.0">
    <ignored/>
  </testcase> <!-- BlankCredentials -->
  <testcase classname="Test.Login_Test" name="IncorrectPassword" time="0.0">
    <ignored/>
  </testcase> <!-- IncorrectPassword -->
  <testcase classname="Test.Login_Test" name="IncorrectEmailId" time="0.0">
    <ignored/>
  </testcase> <!-- IncorrectEmailId -->
  <testcase classname="Test.Login_Test" name="ValidLoginTest" time="0.0">
    <ignored/>
  </testcase> <!-- ValidLoginTest -->
</testsuite> <!-- Default test -->
